<?xml version="1.0" encoding="UTF-8"?>
<!-- Generated by org.testng.reporters.JUnitReportReporter -->
<testsuite skipped="0" hostname="ThinkPad" name="uk.co.library.testsuite.JobSearchTest" tests="7" failures="0" timestamp="2022-05-10T21:14:25 BST" time="384.552" errors="0">
  <testcase name="verifyJobSearchResultUsingDifferentDataSet1" time="55.666" classname="uk.co.library.testsuite.JobSearchTest"/>
  <system-out>
    <![CDATA[Accepting all cookies : Proxy element for: DefaultElementLocator 'By.xpath: //button[@id='save']'
Entering Job Title : [[ChromeDriver: chrome on WINDOWS (0087f0afb93475d1b1537715ba5d204a)] -> xpath: (//input[@id='keywords'])[1]]
Entering Location : [[ChromeDriver: chrome on WINDOWS (0087f0afb93475d1b1537715ba5d204a)] -> xpath: //input[@id='location']]
Selecting Distance : [[ChromeDriver: chrome on WINDOWS (0087f0afb93475d1b1537715ba5d204a)] -> xpath: //select[@id='distance']]
Clicking on More Search Options : [[ChromeDriver: chrome on WINDOWS (0087f0afb93475d1b1537715ba5d204a)] -> xpath: //button[@id='toggle-hp-search']]
Entering Min Salary : [[ChromeDriver: chrome on WINDOWS (0087f0afb93475d1b1537715ba5d204a)] -> xpath: //input[@id='salarymin']]
Entering Max Salary : [[ChromeDriver: chrome on WINDOWS (0087f0afb93475d1b1537715ba5d204a)] -> xpath: //input[@id='salarymax']]
Selecting Salary Type : Per day
Selecting Job Type : Contract
Clicking on Find Job Button : [[ChromeDriver: chrome on WINDOWS (0087f0afb93475d1b1537715ba5d204a)] -> xpath: //input[@id='hp-search-btn']]
Verifying Test Results [[ChromeDriver: chrome on WINDOWS (0087f0afb93475d1b1537715ba5d204a)] -> xpath: //h1[@class='search-header__title']]]]>
  </system-out>
  <testcase name="verifyJobSearchResultUsingDifferentDataSet1" time="55.742" classname="uk.co.library.testsuite.JobSearchTest"/>
  <system-out>
    <![CDATA[Accepting all cookies : Proxy element for: DefaultElementLocator 'By.xpath: //button[@id='save']'
Entering Job Title : [[ChromeDriver: chrome on WINDOWS (4698a2ba0a84c43e63deddc3be01249c)] -> xpath: (//input[@id='keywords'])[1]]
Entering Location : [[ChromeDriver: chrome on WINDOWS (4698a2ba0a84c43e63deddc3be01249c)] -> xpath: //input[@id='location']]
Selecting Distance : [[ChromeDriver: chrome on WINDOWS (4698a2ba0a84c43e63deddc3be01249c)] -> xpath: //select[@id='distance']]
Clicking on More Search Options : [[ChromeDriver: chrome on WINDOWS (4698a2ba0a84c43e63deddc3be01249c)] -> xpath: //button[@id='toggle-hp-search']]
Entering Min Salary : [[ChromeDriver: chrome on WINDOWS (4698a2ba0a84c43e63deddc3be01249c)] -> xpath: //input[@id='salarymin']]
Entering Max Salary : [[ChromeDriver: chrome on WINDOWS (4698a2ba0a84c43e63deddc3be01249c)] -> xpath: //input[@id='salarymax']]
Selecting Salary Type : Per day
Selecting Job Type : Contract
Clicking on Find Job Button : [[ChromeDriver: chrome on WINDOWS (4698a2ba0a84c43e63deddc3be01249c)] -> xpath: //input[@id='hp-search-btn']]
Verifying Test Results [[ChromeDriver: chrome on WINDOWS (4698a2ba0a84c43e63deddc3be01249c)] -> xpath: //h1[@class='search-header__title']]]]>
  </system-out>
  <testcase name="verifyJobSearchResultUsingDifferentDataSet1" time="52.519" classname="uk.co.library.testsuite.JobSearchTest"/>
  <system-out>
    <![CDATA[Accepting all cookies : Proxy element for: DefaultElementLocator 'By.xpath: //button[@id='save']'
Entering Job Title : [[ChromeDriver: chrome on WINDOWS (3f4a9bd79ff3bd28c34163957c43de09)] -> xpath: (//input[@id='keywords'])[1]]
Entering Location : [[ChromeDriver: chrome on WINDOWS (3f4a9bd79ff3bd28c34163957c43de09)] -> xpath: //input[@id='location']]
Selecting Distance : [[ChromeDriver: chrome on WINDOWS (3f4a9bd79ff3bd28c34163957c43de09)] -> xpath: //select[@id='distance']]
Clicking on More Search Options : [[ChromeDriver: chrome on WINDOWS (3f4a9bd79ff3bd28c34163957c43de09)] -> xpath: //button[@id='toggle-hp-search']]
Entering Min Salary : [[ChromeDriver: chrome on WINDOWS (3f4a9bd79ff3bd28c34163957c43de09)] -> xpath: //input[@id='salarymin']]
Entering Max Salary : [[ChromeDriver: chrome on WINDOWS (3f4a9bd79ff3bd28c34163957c43de09)] -> xpath: //input[@id='salarymax']]
Selecting Salary Type : Per annum
Selecting Job Type : Permanent
Clicking on Find Job Button : [[ChromeDriver: chrome on WINDOWS (3f4a9bd79ff3bd28c34163957c43de09)] -> xpath: //input[@id='hp-search-btn']]
Verifying Test Results [[ChromeDriver: chrome on WINDOWS (3f4a9bd79ff3bd28c34163957c43de09)] -> xpath: //h1[@class='search-header__title']]]]>
  </system-out>
  <testcase name="verifyJobSearchResultUsingDifferentDataSet1" time="55.492" classname="uk.co.library.testsuite.JobSearchTest"/>
  <system-out>
    <![CDATA[Accepting all cookies : Proxy element for: DefaultElementLocator 'By.xpath: //button[@id='save']'
Entering Job Title : [[ChromeDriver: chrome on WINDOWS (fb9a8f03cecfa2b4e6ffa80a22e7b84f)] -> xpath: (//input[@id='keywords'])[1]]
Entering Location : [[ChromeDriver: chrome on WINDOWS (fb9a8f03cecfa2b4e6ffa80a22e7b84f)] -> xpath: //input[@id='location']]
Selecting Distance : [[ChromeDriver: chrome on WINDOWS (fb9a8f03cecfa2b4e6ffa80a22e7b84f)] -> xpath: //select[@id='distance']]
Clicking on More Search Options : [[ChromeDriver: chrome on WINDOWS (fb9a8f03cecfa2b4e6ffa80a22e7b84f)] -> xpath: //button[@id='toggle-hp-search']]
Entering Min Salary : [[ChromeDriver: chrome on WINDOWS (fb9a8f03cecfa2b4e6ffa80a22e7b84f)] -> xpath: //input[@id='salarymin']]
Entering Max Salary : [[ChromeDriver: chrome on WINDOWS (fb9a8f03cecfa2b4e6ffa80a22e7b84f)] -> xpath: //input[@id='salarymax']]
Selecting Salary Type : Per annum
Selecting Job Type : Contract
Clicking on Find Job Button : [[ChromeDriver: chrome on WINDOWS (fb9a8f03cecfa2b4e6ffa80a22e7b84f)] -> xpath: //input[@id='hp-search-btn']]
Verifying Test Results [[ChromeDriver: chrome on WINDOWS (fb9a8f03cecfa2b4e6ffa80a22e7b84f)] -> xpath: //h1[@class='search-header__title']]]]>
  </system-out>
  <testcase name="verifyJobSearchResultUsingDifferentDataSet1" time="53.561" classname="uk.co.library.testsuite.JobSearchTest"/>
  <system-out>
    <![CDATA[Accepting all cookies : Proxy element for: DefaultElementLocator 'By.xpath: //button[@id='save']'
Entering Job Title : [[ChromeDriver: chrome on WINDOWS (4ee2cf57ed0c26174de13fde446622d2)] -> xpath: (//input[@id='keywords'])[1]]
Entering Location : [[ChromeDriver: chrome on WINDOWS (4ee2cf57ed0c26174de13fde446622d2)] -> xpath: //input[@id='location']]
Selecting Distance : [[ChromeDriver: chrome on WINDOWS (4ee2cf57ed0c26174de13fde446622d2)] -> xpath: //select[@id='distance']]
Clicking on More Search Options : [[ChromeDriver: chrome on WINDOWS (4ee2cf57ed0c26174de13fde446622d2)] -> xpath: //button[@id='toggle-hp-search']]
Entering Min Salary : [[ChromeDriver: chrome on WINDOWS (4ee2cf57ed0c26174de13fde446622d2)] -> xpath: //input[@id='salarymin']]
Entering Max Salary : [[ChromeDriver: chrome on WINDOWS (4ee2cf57ed0c26174de13fde446622d2)] -> xpath: //input[@id='salarymax']]
Selecting Salary Type : Per annum
Selecting Job Type : Permanent
Clicking on Find Job Button : [[ChromeDriver: chrome on WINDOWS (4ee2cf57ed0c26174de13fde446622d2)] -> xpath: //input[@id='hp-search-btn']]
Verifying Test Results [[ChromeDriver: chrome on WINDOWS (4ee2cf57ed0c26174de13fde446622d2)] -> xpath: //h1[@class='search-header__title']]]]>
  </system-out>
  <testcase name="verifyJobSearchResultUsingDifferentDataSet1" time="53.637" classname="uk.co.library.testsuite.JobSearchTest"/>
  <system-out>
    <![CDATA[Accepting all cookies : Proxy element for: DefaultElementLocator 'By.xpath: //button[@id='save']'
Entering Job Title : [[ChromeDriver: chrome on WINDOWS (1695b299c0fbc8fa814e6378950931e5)] -> xpath: (//input[@id='keywords'])[1]]
Entering Location : [[ChromeDriver: chrome on WINDOWS (1695b299c0fbc8fa814e6378950931e5)] -> xpath: //input[@id='location']]
Selecting Distance : [[ChromeDriver: chrome on WINDOWS (1695b299c0fbc8fa814e6378950931e5)] -> xpath: //select[@id='distance']]
Clicking on More Search Options : [[ChromeDriver: chrome on WINDOWS (1695b299c0fbc8fa814e6378950931e5)] -> xpath: //button[@id='toggle-hp-search']]
Entering Min Salary : [[ChromeDriver: chrome on WINDOWS (1695b299c0fbc8fa814e6378950931e5)] -> xpath: //input[@id='salarymin']]
Entering Max Salary : [[ChromeDriver: chrome on WINDOWS (1695b299c0fbc8fa814e6378950931e5)] -> xpath: //input[@id='salarymax']]
Selecting Salary Type : Per annum
Selecting Job Type : Contract
Clicking on Find Job Button : [[ChromeDriver: chrome on WINDOWS (1695b299c0fbc8fa814e6378950931e5)] -> xpath: //input[@id='hp-search-btn']]
Verifying Test Results [[ChromeDriver: chrome on WINDOWS (1695b299c0fbc8fa814e6378950931e5)] -> xpath: //h1[@class='search-header__title']]]]>
  </system-out>
  <testcase name="verifyJobSearchResultUsingDifferentDataSet1" time="57.935" classname="uk.co.library.testsuite.JobSearchTest"/>
  <system-out>
    <![CDATA[Accepting all cookies : Proxy element for: DefaultElementLocator 'By.xpath: //button[@id='save']'
Entering Job Title : [[ChromeDriver: chrome on WINDOWS (55070f89926cbc1e09859fc142c0869c)] -> xpath: (//input[@id='keywords'])[1]]
Entering Location : [[ChromeDriver: chrome on WINDOWS (55070f89926cbc1e09859fc142c0869c)] -> xpath: //input[@id='location']]
Selecting Distance : [[ChromeDriver: chrome on WINDOWS (55070f89926cbc1e09859fc142c0869c)] -> xpath: //select[@id='distance']]
Clicking on More Search Options : [[ChromeDriver: chrome on WINDOWS (55070f89926cbc1e09859fc142c0869c)] -> xpath: //button[@id='toggle-hp-search']]
Entering Min Salary : [[ChromeDriver: chrome on WINDOWS (55070f89926cbc1e09859fc142c0869c)] -> xpath: //input[@id='salarymin']]
Entering Max Salary : [[ChromeDriver: chrome on WINDOWS (55070f89926cbc1e09859fc142c0869c)] -> xpath: //input[@id='salarymax']]
Selecting Salary Type : Per annum
Selecting Job Type : Permanent
Clicking on Find Job Button : [[ChromeDriver: chrome on WINDOWS (55070f89926cbc1e09859fc142c0869c)] -> xpath: //input[@id='hp-search-btn']]
Verifying Test Results [[ChromeDriver: chrome on WINDOWS (55070f89926cbc1e09859fc142c0869c)] -> xpath: //h1[@class='search-header__title']]]]>
  </system-out>
</testsuite> <!-- uk.co.library.testsuite.JobSearchTest -->
